<?xml version="1.0" encoding="UTF-8"?>
<!-- Generated by org.testng.reporters.JUnitXMLReporter -->
<testsuite hostname="USER-20180131TM" name="Default test" tests="5" failures="0" timestamp="31 Jan 2018 03:23:31 GMT" time="0.619" errors="0">
  <testcase name="doGet" time="0.367" classname="com.rain.TestClient.TestCC"/>
  <testcase name="doGet" time="0.014" classname="com.rain.TestClient.TestCC"/>
  <testcase name="doGet" time="0.015" classname="com.rain.TestClient.TestCC"/>
  <testcase name="doGet" time="0.02" classname="com.rain.TestClient.TestCC"/>
  <testcase name="doGet" time="0.013" classname="com.rain.TestClient.TestCC"/>
</testsuite> <!-- Default test -->
