<?xml version="1.0" encoding="UTF-8"?>
<testng-results skipped="0" failed="0" total="5" passed="5">
  <reporter-output>
  </reporter-output>
  <suite name="Default suite" duration-ms="619" started-at="2018-01-31T03:23:31Z" finished-at="2018-01-31T03:23:31Z">
    <groups>
    </groups>
    <test name="Default test" duration-ms="619" started-at="2018-01-31T03:23:31Z" finished-at="2018-01-31T03:23:31Z">
      <class name="com.rain.TestClient.TestCC">
        <test-method status="PASS" signature="doGet(java.lang.String, java.lang.String, java.lang.String)[pri:0, instance:com.rain.TestClient.TestCC@5c130646]" name="doGet" duration-ms="367" started-at="2018-01-31T11:23:31Z" data-provider="feeder" finished-at="2018-01-31T11:23:31Z">
          <params>
            <param index="0">
              <value>
                <![CDATA[1]]>
              </value>
            </param>
            <param index="1">
              <value>
                <![CDATA[2]]>
              </value>
            </param>
            <param index="2">
              <value>
                <![CDATA[3]]>
              </value>
            </param>
          </params>
          <reporter-output>
          </reporter-output>
        </test-method> <!-- doGet -->
        <test-method status="PASS" signature="doGet(java.lang.String, java.lang.String, java.lang.String)[pri:0, instance:com.rain.TestClient.TestCC@5c130646]" name="doGet" duration-ms="14" started-at="2018-01-31T11:23:31Z" data-provider="feeder" finished-at="2018-01-31T11:23:31Z">
          <params>
            <param index="0">
              <value>
                <![CDATA[4]]>
              </value>
            </param>
            <param index="1">
              <value>
                <![CDATA[4]]>
              </value>
            </param>
            <param index="2">
              <value>
                <![CDATA[8]]>
              </value>
            </param>
          </params>
          <reporter-output>
          </reporter-output>
        </test-method> <!-- doGet -->
        <test-method status="PASS" signature="doGet(java.lang.String, java.lang.String, java.lang.String)[pri:0, instance:com.rain.TestClient.TestCC@5c130646]" name="doGet" duration-ms="15" started-at="2018-01-31T11:23:31Z" data-provider="feeder" finished-at="2018-01-31T11:23:31Z">
          <params>
            <param index="0">
              <value>
                <![CDATA[2]]>
              </value>
            </param>
            <param index="1">
              <value>
                <![CDATA[3]]>
              </value>
            </param>
            <param index="2">
              <value>
                <![CDATA[5]]>
              </value>
            </param>
          </params>
          <reporter-output>
          </reporter-output>
        </test-method> <!-- doGet -->
        <test-method status="PASS" signature="doGet(java.lang.String, java.lang.String, java.lang.String)[pri:0, instance:com.rain.TestClient.TestCC@5c130646]" name="doGet" duration-ms="20" started-at="2018-01-31T11:23:31Z" data-provider="feeder" finished-at="2018-01-31T11:23:31Z">
          <params>
            <param index="0">
              <value>
                <![CDATA[6]]>
              </value>
            </param>
            <param index="1">
              <value>
                <![CDATA[6]]>
              </value>
            </param>
            <param index="2">
              <value>
                <![CDATA[12]]>
              </value>
            </param>
          </params>
          <reporter-output>
          </reporter-output>
        </test-method> <!-- doGet -->
        <test-method status="PASS" signature="doGet(java.lang.String, java.lang.String, java.lang.String)[pri:0, instance:com.rain.TestClient.TestCC@5c130646]" name="doGet" duration-ms="13" started-at="2018-01-31T11:23:31Z" data-provider="feeder" finished-at="2018-01-31T11:23:31Z">
          <params>
            <param index="0">
              <value>
                <![CDATA[1]]>
              </value>
            </param>
            <param index="1">
              <value>
                <![CDATA[4]]>
              </value>
            </param>
            <param index="2">
              <value>
                <![CDATA[5]]>
              </value>
            </param>
          </params>
          <reporter-output>
          </reporter-output>
        </test-method> <!-- doGet -->
      </class> <!-- com.rain.TestClient.TestCC -->
    </test> <!-- Default test -->
  </suite> <!-- Default suite -->
</testng-results>
